<?xml version="1.0" encoding="utf-8"?><testsuites name="pytest tests"><testsuite name="pytest" errors="0" failures="0" skipped="0" tests="9" time="2.773" timestamp="2026-08-11T01:23:39.057948+00:00" hostname="agent-env-01a6d532-6fcb-42f7-9dca-e22f060ee41d"><testcase classname="tests.test_iteration9_health_503.TestUnhealthyInProcess" name="test_health_503_when_db_ping_fails" time="0.638" /><testcase classname="tests.test_iteration9_health_503.TestRegressionSmoke" name="test_otp_flow" time="0.396" /><testcase classname="tests.test_iteration9_health_503.TestRegressionSmoke" name="test_dashboard" time="0.109" /><testcase classname="tests.test_iteration9_health_503.TestRegressionSmoke" name="test_feedback" time="0.108" /><testcase classname="tests.test_iteration9_health_503.TestRegressionSmoke" name="test_settlements_worker_and_contractor" time="0.585" /><testcase classname="tests.test_iteration9_health_503.TestUnhealthyInProcess" name="test_health_recovers_after_patch_removed" time="0.152" /><testcase classname="tests.test_iteration9_health_503.TestHealthy" name="test_health_200_public" time="0.125" /><testcase classname="tests.test_iteration9_health_503.TestExceptionHandlers" name="test_handlers_registered" time="0.542" /><testcase classname="tests.test_iteration9_health_503.TestConcurrency" name="test_30_concurrent_health_all_200" time="0.221" /></testsuite></testsuites>