<?xml version="1.0" encoding="utf-8"?><testsuites name="pytest tests"><testsuite name="pytest" errors="0" failures="0" skipped="0" tests="14" time="2.456" timestamp="2026-08-16T09:49:34.471876+00:00" hostname="agent-env-01a6d532-6fcb-42f7-9dca-e22f060ee41d"><testcase classname="tests.test_offline_sync_idempotency" name="test_advance_operation_id_replay_returns_same_row" time="0.141" /><testcase classname="tests.test_offline_sync_idempotency" name="test_advance_different_operation_id_creates_distinct_row" time="0.118" /><testcase classname="tests.test_offline_sync_idempotency" name="test_advance_without_operation_id_creates_two_rows" time="0.115" /><testcase classname="tests.test_offline_sync_idempotency" name="test_return_operation_id_replay_returns_same_row" time="0.160" /><testcase classname="tests.test_offline_sync_idempotency" name="test_delete_advance_replay_safe" time="0.157" /><testcase classname="tests.test_offline_sync_idempotency" name="test_settlement_matching_snapshot_finalizes" time="0.164" /><testcase classname="tests.test_offline_sync_idempotency" name="test_settlement_mismatched_snapshot_returns_409_no_writes" time="0.122" /><testcase classname="tests.test_offline_sync_idempotency" name="test_settlement_no_snapshot_online_path_unchanged" time="0.119" /><testcase classname="tests.test_offline_sync_idempotency" name="test_settlement_operation_id_replay_no_double_write" time="0.164" /><testcase classname="tests.test_offline_sync_idempotency" name="test_settlement_adjust_advance_draft_replay_safe" time="0.164" /><testcase classname="tests.test_offline_sync_idempotency" name="test_attendance_operation_id_idempotent" time="0.118" /><testcase classname="tests.test_offline_sync_idempotency" name="test_attendance_daily_rate_snapshot_preserved_on_update" time="0.117" /><testcase classname="tests.test_offline_sync_idempotency" name="test_workers_create_idempotent" time="0.115" /><testcase classname="tests.test_offline_sync_idempotency" name="test_contractors_create_idempotent" time="0.119" /></testsuite></testsuites>