<?xml version="1.0" encoding="utf-8"?><testsuites name="pytest tests"><testsuite name="pytest" errors="0" failures="62" skipped="0" tests="62" time="0.547" timestamp="2026-08-14T08:30:14.946874+00:00" hostname="agent-env-01a6d532-6fcb-42f7-9dca-e22f060ee41d"><testcase classname="tests.test_accounting_audit" name="test_01_earned_only" time="0.000"><failure message="Failed: async def functions are not natively supported.&#10;You need to install a suitable plugin for your async framework, for example:&#10;  - anyio&#10;  - pytest-asyncio&#10;  - pytest-tornasync&#10;  - pytest-trio&#10;  - pytest-twisted">async def functions are not natively supported.
You need to install a suitable plugin for your async framework, for example:
  - anyio
  - pytest-asyncio
  - pytest-tornasync
  - pytest-trio
  - pytest-twisted</failure></testcase><testcase classname="tests.test_accounting_audit" name="test_02_advance_only" time="0.000"><failure message="Failed: async def functions are not natively supported.&#10;You need to install a suitable plugin for your async framework, for example:&#10;  - anyio&#10;  - pytest-asyncio&#10;  - pytest-tornasync&#10;  - pytest-trio&#10;  - pytest-twisted">async def functions are not natively supported.
You need to install a suitable plugin for your async framework, for example:
  - anyio
  - pytest-asyncio
  - pytest-tornasync
  - pytest-trio
  - pytest-twisted</failure></testcase><testcase classname="tests.test_accounting_audit" name="test_03_earned_plus_advance" time="0.000"><failure message="Failed: async def functions are not natively supported.&#10;You need to install a suitable plugin for your async framework, for example:&#10;  - anyio&#10;  - pytest-asyncio&#10;  - pytest-tornasync&#10;  - pytest-trio&#10;  - pytest-twisted">async def functions are not natively supported.
You need to install a suitable plugin for your async framework, for example:
  - anyio
  - pytest-asyncio
  - pytest-tornasync
  - pytest-trio
  - pytest-twisted</failure></testcase><testcase classname="tests.test_accounting_audit" name="test_04_earned_plus_advance_plus_return" time="0.000"><failure message="Failed: async def functions are not natively supported.&#10;You need to install a suitable plugin for your async framework, for example:&#10;  - anyio&#10;  - pytest-asyncio&#10;  - pytest-tornasync&#10;  - pytest-trio&#10;  - pytest-twisted">async def functions are not natively supported.
You need to install a suitable plugin for your async framework, for example:
  - anyio
  - pytest-asyncio
  - pytest-tornasync
  - pytest-trio
  - pytest-twisted</failure></testcase><testcase classname="tests.test_accounting_audit" name="test_05_exact_settlement" time="0.000"><failure message="Failed: async def functions are not natively supported.&#10;You need to install a suitable plugin for your async framework, for example:&#10;  - anyio&#10;  - pytest-asyncio&#10;  - pytest-tornasync&#10;  - pytest-trio&#10;  - pytest-twisted">async def functions are not natively supported.
You need to install a suitable plugin for your async framework, for example:
  - anyio
  - pytest-asyncio
  - pytest-tornasync
  - pytest-trio
  - pytest-twisted</failure></testcase><testcase classname="tests.test_accounting_audit" name="test_06_settlement_with_outstanding_advance" time="0.000"><failure message="Failed: async def functions are not natively supported.&#10;You need to install a suitable plugin for your async framework, for example:&#10;  - anyio&#10;  - pytest-asyncio&#10;  - pytest-tornasync&#10;  - pytest-trio&#10;  - pytest-twisted">async def functions are not natively supported.
You need to install a suitable plugin for your async framework, for example:
  - anyio
  - pytest-asyncio
  - pytest-tornasync
  - pytest-trio
  - pytest-twisted</failure></testcase><testcase classname="tests.test_accounting_audit" name="test_07_adjust_advance_gt_earned" time="0.000"><failure message="Failed: async def functions are not natively supported.&#10;You need to install a suitable plugin for your async framework, for example:&#10;  - anyio&#10;  - pytest-asyncio&#10;  - pytest-tornasync&#10;  - pytest-trio&#10;  - pytest-twisted">async def functions are not natively supported.
You need to install a suitable plugin for your async framework, for example:
  - anyio
  - pytest-asyncio
  - pytest-tornasync
  - pytest-trio
  - pytest-twisted</failure></testcase><testcase classname="tests.test_accounting_audit" name="test_08_adjust_advance_lt_earned" time="0.000"><failure message="Failed: async def functions are not natively supported.&#10;You need to install a suitable plugin for your async framework, for example:&#10;  - anyio&#10;  - pytest-asyncio&#10;  - pytest-tornasync&#10;  - pytest-trio&#10;  - pytest-twisted">async def functions are not natively supported.
You need to install a suitable plugin for your async framework, for example:
  - anyio
  - pytest-asyncio
  - pytest-tornasync
  - pytest-trio
  - pytest-twisted</failure></testcase><testcase classname="tests.test_accounting_audit" name="test_09_actual_paid_gt_earned" time="0.000"><failure message="Failed: async def functions are not natively supported.&#10;You need to install a suitable plugin for your async framework, for example:&#10;  - anyio&#10;  - pytest-asyncio&#10;  - pytest-tornasync&#10;  - pytest-trio&#10;  - pytest-twisted">async def functions are not natively supported.
You need to install a suitable plugin for your async framework, for example:
  - anyio
  - pytest-asyncio
  - pytest-tornasync
  - pytest-trio
  - pytest-twisted</failure></testcase><testcase classname="tests.test_accounting_audit" name="test_10_multiple_advances" time="0.000"><failure message="Failed: async def functions are not natively supported.&#10;You need to install a suitable plugin for your async framework, for example:&#10;  - anyio&#10;  - pytest-asyncio&#10;  - pytest-tornasync&#10;  - pytest-trio&#10;  - pytest-twisted">async def functions are not natively supported.
You need to install a suitable plugin for your async framework, for example:
  - anyio
  - pytest-asyncio
  - pytest-tornasync
  - pytest-trio
  - pytest-twisted</failure></testcase><testcase classname="tests.test_accounting_audit" name="test_11_multiple_returns" time="0.000"><failure message="Failed: async def functions are not natively supported.&#10;You need to install a suitable plugin for your async framework, for example:&#10;  - anyio&#10;  - pytest-asyncio&#10;  - pytest-tornasync&#10;  - pytest-trio&#10;  - pytest-twisted">async def functions are not natively supported.
You need to install a suitable plugin for your async framework, for example:
  - anyio
  - pytest-asyncio
  - pytest-tornasync
  - pytest-trio
  - pytest-twisted</failure></testcase><testcase classname="tests.test_accounting_audit" name="test_12_multiple_settlement_periods" time="0.000"><failure message="Failed: async def functions are not natively supported.&#10;You need to install a suitable plugin for your async framework, for example:&#10;  - anyio&#10;  - pytest-asyncio&#10;  - pytest-tornasync&#10;  - pytest-trio&#10;  - pytest-twisted">async def functions are not natively supported.
You need to install a suitable plugin for your async framework, for example:
  - anyio
  - pytest-asyncio
  - pytest-tornasync
  - pytest-trio
  - pytest-twisted</failure></testcase><testcase classname="tests.test_accounting_audit" name="test_13_settlement_then_new_attendance" time="0.000"><failure message="Failed: async def functions are not natively supported.&#10;You need to install a suitable plugin for your async framework, for example:&#10;  - anyio&#10;  - pytest-asyncio&#10;  - pytest-tornasync&#10;  - pytest-trio&#10;  - pytest-twisted">async def functions are not natively supported.
You need to install a suitable plugin for your async framework, for example:
  - anyio
  - pytest-asyncio
  - pytest-tornasync
  - pytest-trio
  - pytest-twisted</failure></testcase><testcase classname="tests.test_accounting_audit" name="test_14_undo_settlement_actual_paid" time="0.000"><failure message="Failed: async def functions are not natively supported.&#10;You need to install a suitable plugin for your async framework, for example:&#10;  - anyio&#10;  - pytest-asyncio&#10;  - pytest-tornasync&#10;  - pytest-trio&#10;  - pytest-twisted">async def functions are not natively supported.
You need to install a suitable plugin for your async framework, for example:
  - anyio
  - pytest-asyncio
  - pytest-tornasync
  - pytest-trio
  - pytest-twisted</failure></testcase><testcase classname="tests.test_accounting_audit" name="test_14b_undo_settlement_adjust" time="0.000"><failure message="Failed: async def functions are not natively supported.&#10;You need to install a suitable plugin for your async framework, for example:&#10;  - anyio&#10;  - pytest-asyncio&#10;  - pytest-tornasync&#10;  - pytest-trio&#10;  - pytest-twisted">async def functions are not natively supported.
You need to install a suitable plugin for your async framework, for example:
  - anyio
  - pytest-asyncio
  - pytest-tornasync
  - pytest-trio
  - pytest-twisted</failure></testcase><testcase classname="tests.test_accounting_audit" name="test_15_full_year_history" time="0.000"><failure message="Failed: async def functions are not natively supported.&#10;You need to install a suitable plugin for your async framework, for example:&#10;  - anyio&#10;  - pytest-asyncio&#10;  - pytest-tornasync&#10;  - pytest-trio&#10;  - pytest-twisted">async def functions are not natively supported.
You need to install a suitable plugin for your async framework, for example:
  - anyio
  - pytest-asyncio
  - pytest-tornasync
  - pytest-trio
  - pytest-twisted</failure></testcase><testcase classname="tests.test_accounting_audit" name="test_16_month_history" time="0.000"><failure message="Failed: async def functions are not natively supported.&#10;You need to install a suitable plugin for your async framework, for example:&#10;  - anyio&#10;  - pytest-asyncio&#10;  - pytest-tornasync&#10;  - pytest-trio&#10;  - pytest-twisted">async def functions are not natively supported.
You need to install a suitable plugin for your async framework, for example:
  - anyio
  - pytest-asyncio
  - pytest-tornasync
  - pytest-trio
  - pytest-twisted</failure></testcase><testcase classname="tests.test_accounting_audit" name="test_17_pre_settlement_history" time="0.000"><failure message="Failed: async def functions are not natively supported.&#10;You need to install a suitable plugin for your async framework, for example:&#10;  - anyio&#10;  - pytest-asyncio&#10;  - pytest-tornasync&#10;  - pytest-trio&#10;  - pytest-twisted">async def functions are not natively supported.
You need to install a suitable plugin for your async framework, for example:
  - anyio
  - pytest-asyncio
  - pytest-tornasync
  - pytest-trio
  - pytest-twisted</failure></testcase><testcase classname="tests.test_accounting_audit" name="test_18_pdf_excel_consistency" time="0.000"><failure message="Failed: async def functions are not natively supported.&#10;You need to install a suitable plugin for your async framework, for example:&#10;  - anyio&#10;  - pytest-asyncio&#10;  - pytest-tornasync&#10;  - pytest-trio&#10;  - pytest-twisted">async def functions are not natively supported.
You need to install a suitable plugin for your async framework, for example:
  - anyio
  - pytest-asyncio
  - pytest-tornasync
  - pytest-trio
  - pytest-twisted</failure></testcase><testcase classname="tests.test_accounting_audit" name="test_19_cross_user_isolation" time="0.000"><failure message="Failed: async def functions are not natively supported.&#10;You need to install a suitable plugin for your async framework, for example:&#10;  - anyio&#10;  - pytest-asyncio&#10;  - pytest-tornasync&#10;  - pytest-trio&#10;  - pytest-twisted">async def functions are not natively supported.
You need to install a suitable plugin for your async framework, for example:
  - anyio
  - pytest-asyncio
  - pytest-tornasync
  - pytest-trio
  - pytest-twisted</failure></testcase><testcase classname="tests.test_accounting_audit" name="test_20_ledger_vs_worker_history_consistency" time="0.000"><failure message="Failed: async def functions are not natively supported.&#10;You need to install a suitable plugin for your async framework, for example:&#10;  - anyio&#10;  - pytest-asyncio&#10;  - pytest-tornasync&#10;  - pytest-trio&#10;  - pytest-twisted">async def functions are not natively supported.
You need to install a suitable plugin for your async framework, for example:
  - anyio
  - pytest-asyncio
  - pytest-tornasync
  - pytest-trio
  - pytest-twisted</failure></testcase><testcase classname="tests.test_accounting_audit" name="test_21_multi_worker_isolation" time="0.000"><failure message="Failed: async def functions are not natively supported.&#10;You need to install a suitable plugin for your async framework, for example:&#10;  - anyio&#10;  - pytest-asyncio&#10;  - pytest-tornasync&#10;  - pytest-trio&#10;  - pytest-twisted">async def functions are not natively supported.
You need to install a suitable plugin for your async framework, for example:
  - anyio
  - pytest-asyncio
  - pytest-tornasync
  - pytest-trio
  - pytest-twisted</failure></testcase><testcase classname="tests.test_accounting_audit" name="test_22_advance_after_settlement" time="0.000"><failure message="Failed: async def functions are not natively supported.&#10;You need to install a suitable plugin for your async framework, for example:&#10;  - anyio&#10;  - pytest-asyncio&#10;  - pytest-tornasync&#10;  - pytest-trio&#10;  - pytest-twisted">async def functions are not natively supported.
You need to install a suitable plugin for your async framework, for example:
  - anyio
  - pytest-asyncio
  - pytest-tornasync
  - pytest-trio
  - pytest-twisted</failure></testcase><testcase classname="tests.test_accounting_audit" name="test_23_return_before_settlement" time="0.000"><failure message="Failed: async def functions are not natively supported.&#10;You need to install a suitable plugin for your async framework, for example:&#10;  - anyio&#10;  - pytest-asyncio&#10;  - pytest-tornasync&#10;  - pytest-trio&#10;  - pytest-twisted">async def functions are not natively supported.
You need to install a suitable plugin for your async framework, for example:
  - anyio
  - pytest-asyncio
  - pytest-tornasync
  - pytest-trio
  - pytest-twisted</failure></testcase><testcase classname="tests.test_accounting_audit" name="test_24_absent_days_dont_earn" time="0.000"><failure message="Failed: async def functions are not natively supported.&#10;You need to install a suitable plugin for your async framework, for example:&#10;  - anyio&#10;  - pytest-asyncio&#10;  - pytest-tornasync&#10;  - pytest-trio&#10;  - pytest-twisted">async def functions are not natively supported.
You need to install a suitable plugin for your async framework, for example:
  - anyio
  - pytest-asyncio
  - pytest-tornasync
  - pytest-trio
  - pytest-twisted</failure></testcase><testcase classname="tests.test_accounting_audit" name="test_25_half_day_and_overtime" time="0.000"><failure message="Failed: async def functions are not natively supported.&#10;You need to install a suitable plugin for your async framework, for example:&#10;  - anyio&#10;  - pytest-asyncio&#10;  - pytest-tornasync&#10;  - pytest-trio&#10;  - pytest-twisted">async def functions are not natively supported.
You need to install a suitable plugin for your async framework, for example:
  - anyio
  - pytest-asyncio
  - pytest-tornasync
  - pytest-trio
  - pytest-twisted</failure></testcase><testcase classname="tests.test_accounting_audit" name="test_26_dashboard_pending_wage_matches_workers_sum" time="0.000"><failure message="Failed: async def functions are not natively supported.&#10;You need to install a suitable plugin for your async framework, for example:&#10;  - anyio&#10;  - pytest-asyncio&#10;  - pytest-tornasync&#10;  - pytest-trio&#10;  - pytest-twisted">async def functions are not natively supported.
You need to install a suitable plugin for your async framework, for example:
  - anyio
  - pytest-asyncio
  - pytest-tornasync
  - pytest-trio
  - pytest-twisted</failure></testcase><testcase classname="tests.test_accounting_audit" name="test_27_dashboard_excludes_workers_without_advance" time="0.000"><failure message="Failed: async def functions are not natively supported.&#10;You need to install a suitable plugin for your async framework, for example:&#10;  - anyio&#10;  - pytest-asyncio&#10;  - pytest-tornasync&#10;  - pytest-trio&#10;  - pytest-twisted">async def functions are not natively supported.
You need to install a suitable plugin for your async framework, for example:
  - anyio
  - pytest-asyncio
  - pytest-tornasync
  - pytest-trio
  - pytest-twisted</failure></testcase><testcase classname="tests.test_accounting_audit" name="test_28_ownership_rejection_advance" time="0.000"><failure message="Failed: async def functions are not natively supported.&#10;You need to install a suitable plugin for your async framework, for example:&#10;  - anyio&#10;  - pytest-asyncio&#10;  - pytest-tornasync&#10;  - pytest-trio&#10;  - pytest-twisted">async def functions are not natively supported.
You need to install a suitable plugin for your async framework, for example:
  - anyio
  - pytest-asyncio
  - pytest-tornasync
  - pytest-trio
  - pytest-twisted</failure></testcase><testcase classname="tests.test_accounting_audit" name="test_29_ownership_rejection_return_and_attendance" time="0.000"><failure message="Failed: async def functions are not natively supported.&#10;You need to install a suitable plugin for your async framework, for example:&#10;  - anyio&#10;  - pytest-asyncio&#10;  - pytest-tornasync&#10;  - pytest-trio&#10;  - pytest-twisted">async def functions are not natively supported.
You need to install a suitable plugin for your async framework, for example:
  - anyio
  - pytest-asyncio
  - pytest-tornasync
  - pytest-trio
  - pytest-twisted</failure></testcase><testcase classname="tests.test_accounting_audit" name="test_30_reports_use_same_final_balance" time="0.000"><failure message="Failed: async def functions are not natively supported.&#10;You need to install a suitable plugin for your async framework, for example:&#10;  - anyio&#10;  - pytest-asyncio&#10;  - pytest-tornasync&#10;  - pytest-trio&#10;  - pytest-twisted">async def functions are not natively supported.
You need to install a suitable plugin for your async framework, for example:
  - anyio
  - pytest-asyncio
  - pytest-tornasync
  - pytest-trio
  - pytest-twisted</failure></testcase><testcase classname="tests.test_accounting_audit" name="test_31_repeated_settle_new_period" time="0.000"><failure message="Failed: async def functions are not natively supported.&#10;You need to install a suitable plugin for your async framework, for example:&#10;  - anyio&#10;  - pytest-asyncio&#10;  - pytest-tornasync&#10;  - pytest-trio&#10;  - pytest-twisted">async def functions are not natively supported.
You need to install a suitable plugin for your async framework, for example:
  - anyio
  - pytest-asyncio
  - pytest-tornasync
  - pytest-trio
  - pytest-twisted</failure></testcase><testcase classname="tests.test_accounting_audit" name="test_32_year_month_filter_stable_reload" time="0.000"><failure message="Failed: async def functions are not natively supported.&#10;You need to install a suitable plugin for your async framework, for example:&#10;  - anyio&#10;  - pytest-asyncio&#10;  - pytest-tornasync&#10;  - pytest-trio&#10;  - pytest-twisted">async def functions are not natively supported.
You need to install a suitable plugin for your async framework, for example:
  - anyio
  - pytest-asyncio
  - pytest-tornasync
  - pytest-trio
  - pytest-twisted</failure></testcase><testcase classname="tests.test_accounting_audit" name="test_33_wage_change_preserves_history" time="0.000"><failure message="Failed: async def functions are not natively supported.&#10;You need to install a suitable plugin for your async framework, for example:&#10;  - anyio&#10;  - pytest-asyncio&#10;  - pytest-tornasync&#10;  - pytest-trio&#10;  - pytest-twisted">async def functions are not natively supported.
You need to install a suitable plugin for your async framework, for example:
  - anyio
  - pytest-asyncio
  - pytest-tornasync
  - pytest-trio
  - pytest-twisted</failure></testcase><testcase classname="tests.test_accounting_audit" name="test_34_triple_wage_change" time="0.000"><failure message="Failed: async def functions are not natively supported.&#10;You need to install a suitable plugin for your async framework, for example:&#10;  - anyio&#10;  - pytest-asyncio&#10;  - pytest-tornasync&#10;  - pytest-trio&#10;  - pytest-twisted">async def functions are not natively supported.
You need to install a suitable plugin for your async framework, for example:
  - anyio
  - pytest-asyncio
  - pytest-tornasync
  - pytest-trio
  - pytest-twisted</failure></testcase><testcase classname="tests.test_accounting_audit" name="test_35_wage_change_without_new_work" time="0.000"><failure message="Failed: async def functions are not natively supported.&#10;You need to install a suitable plugin for your async framework, for example:&#10;  - anyio&#10;  - pytest-asyncio&#10;  - pytest-tornasync&#10;  - pytest-trio&#10;  - pytest-twisted">async def functions are not natively supported.
You need to install a suitable plugin for your async framework, for example:
  - anyio
  - pytest-asyncio
  - pytest-tornasync
  - pytest-trio
  - pytest-twisted</failure></testcase><testcase classname="tests.test_accounting_audit" name="test_36_legacy_row_fallback" time="0.000"><failure message="Failed: async def functions are not natively supported.&#10;You need to install a suitable plugin for your async framework, for example:&#10;  - anyio&#10;  - pytest-asyncio&#10;  - pytest-tornasync&#10;  - pytest-trio&#10;  - pytest-twisted">async def functions are not natively supported.
You need to install a suitable plugin for your async framework, for example:
  - anyio
  - pytest-asyncio
  - pytest-tornasync
  - pytest-trio
  - pytest-twisted</failure></testcase><testcase classname="tests.test_accounting_audit" name="test_37_settlement_across_wage_change" time="0.000"><failure message="Failed: async def functions are not natively supported.&#10;You need to install a suitable plugin for your async framework, for example:&#10;  - anyio&#10;  - pytest-asyncio&#10;  - pytest-tornasync&#10;  - pytest-trio&#10;  - pytest-twisted">async def functions are not natively supported.
You need to install a suitable plugin for your async framework, for example:
  - anyio
  - pytest-asyncio
  - pytest-tornasync
  - pytest-trio
  - pytest-twisted</failure></testcase><testcase classname="tests.test_accounting_audit" name="test_38_user_isolation_on_wage_change" time="0.000"><failure message="Failed: async def functions are not natively supported.&#10;You need to install a suitable plugin for your async framework, for example:&#10;  - anyio&#10;  - pytest-asyncio&#10;  - pytest-tornasync&#10;  - pytest-trio&#10;  - pytest-twisted">async def functions are not natively supported.
You need to install a suitable plugin for your async framework, for example:
  - anyio
  - pytest-asyncio
  - pytest-tornasync
  - pytest-trio
  - pytest-twisted</failure></testcase><testcase classname="tests.test_accounting_audit" name="test_39_e2e_http_wage_snapshot" time="0.000"><failure message="Failed: async def functions are not natively supported.&#10;You need to install a suitable plugin for your async framework, for example:&#10;  - anyio&#10;  - pytest-asyncio&#10;  - pytest-tornasync&#10;  - pytest-trio&#10;  - pytest-twisted">async def functions are not natively supported.
You need to install a suitable plugin for your async framework, for example:
  - anyio
  - pytest-asyncio
  - pytest-tornasync
  - pytest-trio
  - pytest-twisted</failure></testcase><testcase classname="tests.test_accounting_audit" name="test_40_contractor_lifetime_net_paid" time="0.000"><failure message="Failed: async def functions are not natively supported.&#10;You need to install a suitable plugin for your async framework, for example:&#10;  - anyio&#10;  - pytest-asyncio&#10;  - pytest-tornasync&#10;  - pytest-trio&#10;  - pytest-twisted">async def functions are not natively supported.
You need to install a suitable plugin for your async framework, for example:
  - anyio
  - pytest-asyncio
  - pytest-tornasync
  - pytest-trio
  - pytest-twisted</failure></testcase><testcase classname="tests.test_accounting_audit" name="test_41_contractor_settle_zeros_balance" time="0.000"><failure message="Failed: async def functions are not natively supported.&#10;You need to install a suitable plugin for your async framework, for example:&#10;  - anyio&#10;  - pytest-asyncio&#10;  - pytest-tornasync&#10;  - pytest-trio&#10;  - pytest-twisted">async def functions are not natively supported.
You need to install a suitable plugin for your async framework, for example:
  - anyio
  - pytest-asyncio
  - pytest-tornasync
  - pytest-trio
  - pytest-twisted</failure></testcase><testcase classname="tests.test_accounting_audit" name="test_42_contractor_full_year_history_shows_settle" time="0.000"><failure message="Failed: async def functions are not natively supported.&#10;You need to install a suitable plugin for your async framework, for example:&#10;  - anyio&#10;  - pytest-asyncio&#10;  - pytest-tornasync&#10;  - pytest-trio&#10;  - pytest-twisted">async def functions are not natively supported.
You need to install a suitable plugin for your async framework, for example:
  - anyio
  - pytest-asyncio
  - pytest-tornasync
  - pytest-trio
  - pytest-twisted</failure></testcase><testcase classname="tests.test_accounting_audit" name="test_43_contractor_partial_return_no_settle" time="0.000"><failure message="Failed: async def functions are not natively supported.&#10;You need to install a suitable plugin for your async framework, for example:&#10;  - anyio&#10;  - pytest-asyncio&#10;  - pytest-tornasync&#10;  - pytest-trio&#10;  - pytest-twisted">async def functions are not natively supported.
You need to install a suitable plugin for your async framework, for example:
  - anyio
  - pytest-asyncio
  - pytest-tornasync
  - pytest-trio
  - pytest-twisted</failure></testcase><testcase classname="tests.test_accounting_audit" name="test_44_contractor_user_isolation" time="0.000"><failure message="Failed: async def functions are not natively supported.&#10;You need to install a suitable plugin for your async framework, for example:&#10;  - anyio&#10;  - pytest-asyncio&#10;  - pytest-tornasync&#10;  - pytest-trio&#10;  - pytest-twisted">async def functions are not natively supported.
You need to install a suitable plugin for your async framework, for example:
  - anyio
  - pytest-asyncio
  - pytest-tornasync
  - pytest-trio
  - pytest-twisted</failure></testcase><testcase classname="tests.test_accounting_audit" name="test_45_contractor_settle_never_leaks_into_worker_totals" time="0.000"><failure message="Failed: async def functions are not natively supported.&#10;You need to install a suitable plugin for your async framework, for example:&#10;  - anyio&#10;  - pytest-asyncio&#10;  - pytest-tornasync&#10;  - pytest-trio&#10;  - pytest-twisted">async def functions are not natively supported.
You need to install a suitable plugin for your async framework, for example:
  - anyio
  - pytest-asyncio
  - pytest-tornasync
  - pytest-trio
  - pytest-twisted</failure></testcase><testcase classname="tests.test_accounting_audit" name="test_46_dashboard_contractor_pending_direction" time="0.000"><failure message="Failed: async def functions are not natively supported.&#10;You need to install a suitable plugin for your async framework, for example:&#10;  - anyio&#10;  - pytest-asyncio&#10;  - pytest-tornasync&#10;  - pytest-trio&#10;  - pytest-twisted">async def functions are not natively supported.
You need to install a suitable plugin for your async framework, for example:
  - anyio
  - pytest-asyncio
  - pytest-tornasync
  - pytest-trio
  - pytest-twisted</failure></testcase><testcase classname="tests.test_accounting_audit" name="test_48_half_day_manual_wage_used_verbatim" time="0.000"><failure message="Failed: async def functions are not natively supported.&#10;You need to install a suitable plugin for your async framework, for example:&#10;  - anyio&#10;  - pytest-asyncio&#10;  - pytest-tornasync&#10;  - pytest-trio&#10;  - pytest-twisted">async def functions are not natively supported.
You need to install a suitable plugin for your async framework, for example:
  - anyio
  - pytest-asyncio
  - pytest-tornasync
  - pytest-trio
  - pytest-twisted</failure></testcase><testcase classname="tests.test_accounting_audit" name="test_49_half_day_no_manual_falls_back" time="0.000"><failure message="Failed: async def functions are not natively supported.&#10;You need to install a suitable plugin for your async framework, for example:&#10;  - anyio&#10;  - pytest-asyncio&#10;  - pytest-tornasync&#10;  - pytest-trio&#10;  - pytest-twisted">async def functions are not natively supported.
You need to install a suitable plugin for your async framework, for example:
  - anyio
  - pytest-asyncio
  - pytest-tornasync
  - pytest-trio
  - pytest-twisted</failure></testcase><testcase classname="tests.test_accounting_audit" name="test_50_wage_edit_does_not_rewrite_manual_wage" time="0.000"><failure message="Failed: async def functions are not natively supported.&#10;You need to install a suitable plugin for your async framework, for example:&#10;  - anyio&#10;  - pytest-asyncio&#10;  - pytest-tornasync&#10;  - pytest-trio&#10;  - pytest-twisted">async def functions are not natively supported.
You need to install a suitable plugin for your async framework, for example:
  - anyio
  - pytest-asyncio
  - pytest-tornasync
  - pytest-trio
  - pytest-twisted</failure></testcase><testcase classname="tests.test_accounting_audit" name="test_51_overtime_amount_used_verbatim" time="0.000"><failure message="Failed: async def functions are not natively supported.&#10;You need to install a suitable plugin for your async framework, for example:&#10;  - anyio&#10;  - pytest-asyncio&#10;  - pytest-tornasync&#10;  - pytest-trio&#10;  - pytest-twisted">async def functions are not natively supported.
You need to install a suitable plugin for your async framework, for example:
  - anyio
  - pytest-asyncio
  - pytest-tornasync
  - pytest-trio
  - pytest-twisted</failure></testcase><testcase classname="tests.test_accounting_audit" name="test_52_wage_edit_does_not_rewrite_overtime_amount" time="0.000"><failure message="Failed: async def functions are not natively supported.&#10;You need to install a suitable plugin for your async framework, for example:&#10;  - anyio&#10;  - pytest-asyncio&#10;  - pytest-tornasync&#10;  - pytest-trio&#10;  - pytest-twisted">async def functions are not natively supported.
You need to install a suitable plugin for your async framework, for example:
  - anyio
  - pytest-asyncio
  - pytest-tornasync
  - pytest-trio
  - pytest-twisted</failure></testcase><testcase classname="tests.test_accounting_audit" name="test_53_legacy_overtime_hours_unchanged" time="0.000"><failure message="Failed: async def functions are not natively supported.&#10;You need to install a suitable plugin for your async framework, for example:&#10;  - anyio&#10;  - pytest-asyncio&#10;  - pytest-tornasync&#10;  - pytest-trio&#10;  - pytest-twisted">async def functions are not natively supported.
You need to install a suitable plugin for your async framework, for example:
  - anyio
  - pytest-asyncio
  - pytest-tornasync
  - pytest-trio
  - pytest-twisted</failure></testcase><testcase classname="tests.test_accounting_audit" name="test_54_pdf_excel_reflect_manual_values" time="0.000"><failure message="Failed: async def functions are not natively supported.&#10;You need to install a suitable plugin for your async framework, for example:&#10;  - anyio&#10;  - pytest-asyncio&#10;  - pytest-tornasync&#10;  - pytest-trio&#10;  - pytest-twisted">async def functions are not natively supported.
You need to install a suitable plugin for your async framework, for example:
  - anyio
  - pytest-asyncio
  - pytest-tornasync
  - pytest-trio
  - pytest-twisted</failure></testcase><testcase classname="tests.test_accounting_audit" name="test_55_full_year_history_reflects_manual_values" time="0.001"><failure message="Failed: async def functions are not natively supported.&#10;You need to install a suitable plugin for your async framework, for example:&#10;  - anyio&#10;  - pytest-asyncio&#10;  - pytest-tornasync&#10;  - pytest-trio&#10;  - pytest-twisted">async def functions are not natively supported.
You need to install a suitable plugin for your async framework, for example:
  - anyio
  - pytest-asyncio
  - pytest-tornasync
  - pytest-trio
  - pytest-twisted</failure></testcase><testcase classname="tests.test_accounting_audit" name="test_56_e2e_http_attendance_manual_flow" time="0.000"><failure message="Failed: async def functions are not natively supported.&#10;You need to install a suitable plugin for your async framework, for example:&#10;  - anyio&#10;  - pytest-asyncio&#10;  - pytest-tornasync&#10;  - pytest-trio&#10;  - pytest-twisted">async def functions are not natively supported.
You need to install a suitable plugin for your async framework, for example:
  - anyio
  - pytest-asyncio
  - pytest-tornasync
  - pytest-trio
  - pytest-twisted</failure></testcase><testcase classname="tests.test_accounting_audit" name="test_57_worker_pdf_excel_reject_unowned_worker_id" time="0.000"><failure message="Failed: async def functions are not natively supported.&#10;You need to install a suitable plugin for your async framework, for example:&#10;  - anyio&#10;  - pytest-asyncio&#10;  - pytest-tornasync&#10;  - pytest-trio&#10;  - pytest-twisted">async def functions are not natively supported.
You need to install a suitable plugin for your async framework, for example:
  - anyio
  - pytest-asyncio
  - pytest-tornasync
  - pytest-trio
  - pytest-twisted</failure></testcase><testcase classname="tests.test_accounting_audit" name="test_58_contractor_visit_ownership_required" time="0.000"><failure message="Failed: async def functions are not natively supported.&#10;You need to install a suitable plugin for your async framework, for example:&#10;  - anyio&#10;  - pytest-asyncio&#10;  - pytest-tornasync&#10;  - pytest-trio&#10;  - pytest-twisted">async def functions are not natively supported.
You need to install a suitable plugin for your async framework, for example:
  - anyio
  - pytest-asyncio
  - pytest-tornasync
  - pytest-trio
  - pytest-twisted</failure></testcase><testcase classname="tests.test_accounting_audit" name="test_59_contractor_payment_ownership_required" time="0.000"><failure message="Failed: async def functions are not natively supported.&#10;You need to install a suitable plugin for your async framework, for example:&#10;  - anyio&#10;  - pytest-asyncio&#10;  - pytest-tornasync&#10;  - pytest-trio&#10;  - pytest-twisted">async def functions are not natively supported.
You need to install a suitable plugin for your async framework, for example:
  - anyio
  - pytest-asyncio
  - pytest-tornasync
  - pytest-trio
  - pytest-twisted</failure></testcase><testcase classname="tests.test_accounting_audit" name="test_60_contractor_return_ownership_required" time="0.000"><failure message="Failed: async def functions are not natively supported.&#10;You need to install a suitable plugin for your async framework, for example:&#10;  - anyio&#10;  - pytest-asyncio&#10;  - pytest-tornasync&#10;  - pytest-trio&#10;  - pytest-twisted">async def functions are not natively supported.
You need to install a suitable plugin for your async framework, for example:
  - anyio
  - pytest-asyncio
  - pytest-tornasync
  - pytest-trio
  - pytest-twisted</failure></testcase><testcase classname="tests.test_accounting_audit" name="test_61_worker_delete_ownership_404" time="0.000"><failure message="Failed: async def functions are not natively supported.&#10;You need to install a suitable plugin for your async framework, for example:&#10;  - anyio&#10;  - pytest-asyncio&#10;  - pytest-tornasync&#10;  - pytest-trio&#10;  - pytest-twisted">async def functions are not natively supported.
You need to install a suitable plugin for your async framework, for example:
  - anyio
  - pytest-asyncio
  - pytest-tornasync
  - pytest-trio
  - pytest-twisted</failure></testcase><testcase classname="tests.test_accounting_audit" name="test_62_owner_operations_still_work" time="0.000"><failure message="Failed: async def functions are not natively supported.&#10;You need to install a suitable plugin for your async framework, for example:&#10;  - anyio&#10;  - pytest-asyncio&#10;  - pytest-tornasync&#10;  - pytest-trio&#10;  - pytest-twisted">async def functions are not natively supported.
You need to install a suitable plugin for your async framework, for example:
  - anyio
  - pytest-asyncio
  - pytest-tornasync
  - pytest-trio
  - pytest-twisted</failure></testcase></testsuite></testsuites>