<?xml version="1.0" encoding="utf-8"?><testsuites name="pytest tests"><testsuite name="pytest" errors="0" failures="0" skipped="0" tests="14" time="1.575" timestamp="2026-08-11T02:51:47.974395+00:00" hostname="agent-env-01a6d532-6fcb-42f7-9dca-e22f060ee41d"><testcase classname="tests.test_iteration10_owner.TestOwnerRBAC" name="test_auth_me_owner_flag" time="0.294" /><testcase classname="tests.test_iteration10_owner.TestOwnerRBAC" name="test_auth_me_non_owner" time="0.216" /><testcase classname="tests.test_iteration10_owner.TestOwnerRBAC" name="test_endpoints_401_without_auth[/owner/users]" time="0.078" /><testcase classname="tests.test_iteration10_owner.TestOwnerRBAC" name="test_endpoints_401_without_auth[/owner/analytics/districts]" time="0.085" /><testcase classname="tests.test_iteration10_owner.TestOwnerRBAC" name="test_endpoints_401_without_auth[/owner/ads]" time="0.067" /><testcase classname="tests.test_iteration10_owner.TestOwnerRBAC" name="test_endpoints_401_without_auth[/owner/feedback]" time="0.089" /><testcase classname="tests.test_iteration10_owner.TestOwnerRBAC" name="test_endpoints_403_for_non_owner[/owner/users]" time="0.073" /><testcase classname="tests.test_iteration10_owner.TestOwnerRBAC" name="test_endpoints_403_for_non_owner[/owner/analytics/districts]" time="0.030" /><testcase classname="tests.test_iteration10_owner.TestOwnerRBAC" name="test_endpoints_403_for_non_owner[/owner/ads]" time="0.029" /><testcase classname="tests.test_iteration10_owner.TestOwnerRBAC" name="test_endpoints_403_for_non_owner[/owner/feedback]" time="0.030" /><testcase classname="tests.test_iteration10_owner.TestOwnerUsers" name="test_list_users_shape_and_sort" time="0.030" /><testcase classname="tests.test_iteration10_owner.TestOwnerAnalytics" name="test_districts_totals" time="0.072" /><testcase classname="tests.test_iteration10_owner.TestOwnerAds" name="test_ads_full_flow" time="0.369" /><testcase classname="tests.test_iteration10_owner.TestOwnerFeedback" name="test_feedback_inbox_sees_all" time="0.058" /></testsuite></testsuites>