<?xml version="1.0" encoding="utf-8"?><testsuites name="pytest tests"><testsuite name="pytest" errors="0" failures="0" skipped="0" tests="3" time="0.763" timestamp="2026-08-11T18:04:54.052437+00:00" hostname="agent-env-01a6d532-6fcb-42f7-9dca-e22f060ee41d"><testcase classname="tests.test_firebase_verify.TestFirebaseVerify" name="test_endpoint_exists_and_rejects_garbage_token" time="0.156" /><testcase classname="tests.test_firebase_verify.TestFirebaseVerify" name="test_rejects_hs256_token_missing_kid" time="0.094" /><testcase classname="tests.test_firebase_verify.TestFirebaseVerify" name="test_requires_id_token_field" time="0.188" /></testsuite></testsuites>