<?xml version="1.0" encoding="utf-8"?><testsuites name="pytest tests"><testsuite name="pytest" errors="0" failures="0" skipped="0" tests="8" time="1.986" timestamp="2026-08-10T18:51:18.713307+00:00" hostname="agent-env-01a6d532-6fcb-42f7-9dca-e22f060ee41d"><testcase classname="tests.test_iteration6" name="test_a1_pre_settle_ledger" time="0.659" /><testcase classname="tests.test_iteration6" name="test_a2_settle_amount_1100" time="0.077" /><testcase classname="tests.test_iteration6" name="test_a3_post_settle_ledger_zeros" time="0.076" /><testcase classname="tests.test_iteration6" name="test_b_post_settle_activity_counts_fresh" time="0.109" /><testcase classname="tests.test_iteration6" name="test_c_undo_restores_full_history" time="0.073" /><testcase classname="tests.test_iteration6" name="test_d_multiple_settlements" time="0.297" /><testcase classname="tests.test_iteration6" name="test_e_advance_return_reduces_net_advance" time="0.297" /><testcase classname="tests.test_iteration6" name="test_f_contractor_settle_regression" time="0.334" /></testsuite></testsuites>