<?xml version="1.0" encoding="utf-8"?><testsuites name="pytest tests"><testsuite name="pytest" errors="0" failures="0" skipped="0" tests="14" time="2.939" timestamp="2026-08-11T01:20:50.028447+00:00" hostname="agent-env-01a6d532-6fcb-42f7-9dca-e22f060ee41d"><testcase classname="tests.test_iteration8_stability.TestExceptionHandlers" name="test_handlers_registered" time="0.545" /><testcase classname="tests.test_iteration8_stability.TestExceptionHandlers" name="test_validation_error_does_not_crash" time="0.199" /><testcase classname="tests.test_iteration8_stability.TestRegression" name="test_otp_flow" time="0.611" /><testcase classname="tests.test_iteration8_stability.TestRegression" name="test_dashboard_has_pending_list" time="0.085" /><testcase classname="tests.test_iteration8_stability.TestRegression" name="test_feedback_create_and_list" time="0.149" /><testcase classname="tests.test_iteration8_stability.TestExceptionHandlers" name="test_invalid_type_returns_422_and_server_stays_up" time="0.177" /><testcase classname="tests.test_iteration8_stability.TestRegression" name="test_settlements_worker_and_contractor" time="0.679" /><testcase classname="tests.test_iteration8_stability.TestSupervisor" name="test_autorestart_configured" time="0.000" /><testcase classname="tests.test_iteration8_stability.TestSupervisor" name="test_backend_running_stable_pid" time="0.425" /><testcase classname="tests.test_iteration8_stability.TestHealth" name="test_health_ok" time="0.083" /><testcase classname="tests.test_iteration8_stability.TestMongoClientConfig" name="test_pool_options" time="0.000" /><testcase classname="tests.test_iteration8_stability.TestRegression" name="test_reports_pdf_worker" time="0.237" /><testcase classname="tests.test_iteration8_stability.TestConcurrency" name="test_30_concurrent_health" time="0.241" /><testcase classname="tests.test_iteration8_stability.TestConcurrency" name="test_backend_still_up_after_load" time="0.213" /></testsuite></testsuites>