<?xml version="1.0" encoding="utf-8"?><testsuites name="pytest tests"><testsuite name="pytest" errors="0" failures="0" skipped="0" tests="11" time="2.902" timestamp="2026-08-10T19:09:38.857309+00:00" hostname="agent-env-01a6d532-6fcb-42f7-9dca-e22f060ee41d"><testcase classname="tests.test_iteration7.TestProfile" name="test_mobile_update_normalizes_10digit" time="0.543" /><testcase classname="tests.test_iteration7.TestFeedback" name="test_create_feedback" time="0.583" /><testcase classname="tests.test_iteration7.TestProfile" name="test_invalid_district_400" time="0.047" /><testcase classname="tests.test_iteration7.TestFeedback" name="test_empty_message_400" time="0.081" /><testcase classname="tests.test_iteration7.TestProfile" name="test_mobile_conflict_409" time="0.858" /><testcase classname="tests.test_iteration7.TestFeedback" name="test_list_and_mark_single_read" time="0.203" /><testcase classname="tests.test_iteration7.TestFeedback" name="test_read_all" time="0.168" /><testcase classname="tests.test_iteration7.TestFeedback" name="test_scoped_per_user" time="0.758" /><testcase classname="tests.test_iteration7.TestRegression" name="test_mark_settled_zeros" time="0.509" /><testcase classname="tests.test_iteration7.TestPdfAttendance" name="test_pdf_has_attendance_section" time="0.326" /><testcase classname="tests.test_iteration7.TestRegression" name="test_contractor_settle" time="0.321" /></testsuite></testsuites>