<?xml version="1.0" encoding="utf-8"?><testsuites name="pytest tests"><testsuite name="pytest" errors="0" failures="0" skipped="0" tests="7" time="1.510" timestamp="2026-08-10T15:29:58.631898+00:00" hostname="agent-env-01a6d532-6fcb-42f7-9dca-e22f060ee41d"><testcase classname="tests.backend_test.TestSettlement" name="test_settle_zeros_pending" time="0.882" /><testcase classname="tests.backend_test.TestContractorReports" name="test_contractor_pdf" time="0.548" /><testcase classname="tests.backend_test.TestContractorReports" name="test_contractor_excel" time="0.046" /><testcase classname="tests.backend_test.TestWorkerReturn" name="test_return_reduces_net_advance" time="0.218" /><testcase classname="tests.backend_test.TestContractorReturn" name="test_contractor_return_flow" time="0.144" /><testcase classname="tests.backend_test.TestWorkerPDF" name="test_pdf_with_worker_id" time="0.088" /><testcase classname="tests.backend_test.TestAds" name="test_ads_endpoint" time="0.077" /></testsuite></testsuites>