<?xml version="1.0" encoding="utf-8"?><testsuites name="pytest tests"><testsuite name="pytest" errors="0" failures="0" skipped="0" tests="7" time="2.066" timestamp="2026-08-10T17:26:13.293475+00:00" hostname="agent-env-01a6d532-6fcb-42f7-9dca-e22f060ee41d"><testcase classname="tests.test_iteration3.TestDashboardPendingList" name="test_pending_list_only_includes_advance_recipients" time="0.953" /><testcase classname="tests.test_iteration3.TestReturnRegression" name="test_worker_return" time="0.719" /><testcase classname="tests.test_iteration3.TestReturnRegression" name="test_contractor_return" time="0.280" /><testcase classname="tests.test_iteration3.TestDashboardPendingList" name="test_empty_pending_list_when_no_advances" time="0.278" /><testcase classname="tests.test_iteration3.TestContractorWhatsApp" name="test_whatsapp_message_contains_required_fields" time="0.450" /><testcase classname="tests.test_iteration3.TestSettlementRegression" name="test_settle_zeros_pending" time="0.368" /><testcase classname="tests.test_iteration3.TestContractorWhatsApp" name="test_whatsapp_404_when_missing" time="0.038" /></testsuite></testsuites>