<?xml version="1.0" encoding="utf-8"?><testsuites name="pytest tests"><testsuite name="pytest" errors="0" failures="0" skipped="0" tests="8" time="1.891" timestamp="2026-08-10T18:28:41.991765+00:00" hostname="agent-env-01a6d532-6fcb-42f7-9dca-e22f060ee41d"><testcase classname="tests.test_iteration5" name="test_contractor_ledger_before_settle" time="0.653" /><testcase classname="tests.test_iteration5" name="test_contractor_settle_zeroes_net_paid" time="0.113" /><testcase classname="tests.test_iteration5" name="test_contractor_undo_settle_reverts_net_paid" time="0.158" /><testcase classname="tests.test_iteration5" name="test_worker_settle_still_works" time="0.247" /><testcase classname="tests.test_iteration5" name="test_settle_missing_ids_returns_400" time="0.031" /><testcase classname="tests.test_iteration5" name="test_settle_nonexistent_worker_returns_404" time="0.071" /><testcase classname="tests.test_iteration5" name="test_settle_nonexistent_contractor_returns_404" time="0.032" /><testcase classname="tests.test_iteration5" name="test_cleanup" time="0.108" /></testsuite></testsuites>