<?xml version="1.0" encoding="utf-8"?><testsuites name="pytest tests"><testsuite name="pytest" errors="0" failures="0" skipped="0" tests="6" time="1.638" timestamp="2026-08-10T17:41:50.107136+00:00" hostname="agent-env-01a6d532-6fcb-42f7-9dca-e22f060ee41d"><testcase classname="tests.test_iteration4" name="test_ledger_before_settle" time="0.747" /><testcase classname="tests.test_iteration4" name="test_settlement_zeroes_pending" time="0.112" /><testcase classname="tests.test_iteration4" name="test_undo_settle_reverts_pending" time="0.143" /><testcase classname="tests.test_iteration4" name="test_undo_settle_nonexistent_returns_404" time="0.034" /><testcase classname="tests.test_iteration4" name="test_undo_settle_no_auth_returns_401" time="0.107" /><testcase classname="tests.test_iteration4" name="test_cleanup" time="0.038" /></testsuite></testsuites>